mié abr  6 20:28:05 CEST 2016
Carpeta /home/baena/bin creada
mié abr  6 20:28:10 CEST 2016
Carpeta /home/baena/lib creada
mié abr  6 20:28:15 CEST 2016
Carpeta /home/baena/img creada
mié abr  6 20:28:20 CEST 2016
Carpeta /home/baena/include creada
mié abr  6 20:28:20 CEST 2016
ejemploCarpeta/medianos/a2.out copiado con exito en /home/baena/bin
mié abr  6 20:28:20 CEST 2016
ejemploCarpeta/medianos/a.out copiado con exito en /home/baena/bin
mié abr  6 20:28:20 CEST 2016
ejemploCarpeta/medianos/eje2 copiado con exito en /home/baena/bin
mié abr  6 20:28:31 CEST 2016
ejemploCarpeta/d1/libhandle.so.1.0.3 copiado con exito en /home/baena/lib
mié abr  6 20:28:31 CEST 2016
ejemploCarpeta/d1/d4/libsysfs.so.2 copiado con exito en /home/baena/lib
mié abr  6 20:28:34 CEST 2016
ejemploCarpeta/d2/libglib-2.0.so.0 copiado con exito en /home/baena/lib
mié abr  6 20:28:35 CEST 2016
ejemploCarpeta/medianos/logo_eps_grande.jpg copiado con exito en /home/baena/img
mié abr  6 20:28:35 CEST 2016
ejemploCarpeta/medianos/debian.png copiado con exito en /home/baena/img
mié abr  6 20:28:35 CEST 2016
ejemploCarpeta/medianos/hd.png copiado con exito en /home/baena/img
mié abr  6 20:28:35 CEST 2016
ejemploCarpeta/medianos/fedora.png copiado con exito en /home/baena/img
mié abr  6 20:28:35 CEST 2016
ejemploCarpeta/medianos/devocion-administrador-de-sistemas.png copiado con exito en /home/baena/img
mié abr  6 20:28:35 CEST 2016
ejemploCarpeta/medianos/centos.png copiado con exito en /home/baena/img
mié abr  6 20:28:35 CEST 2016
ejemploCarpeta/medianos/Linus_torvalds.jpg copiado con exito en /home/baena/img
mié abr  6 20:28:35 CEST 2016
ejemploCarpeta/medianos/richard-stallman.jpg copiado con exito en /home/baena/img
mié abr  6 20:28:35 CEST 2016
ejemploCarpeta/medianos/raid0.png copiado con exito en /home/baena/img
mié abr  6 20:28:35 CEST 2016
ejemploCarpeta/medianos/pirates.jpg copiado con exito en /home/baena/img
mié abr  6 20:28:35 CEST 2016
ejemploCarpeta/medianos/Logo_uco.gif copiado con exito en /home/baena/img
mié abr  6 20:28:35 CEST 2016
ejemploCarpeta/d3/disco2.png copiado con exito en /home/baena/img
mié abr  6 20:28:37 CEST 2016
ejemploCarpeta/images/Carpeta1/elinfiernoexiste.jpg copiado con exito en /home/baena/img
mié abr  6 20:28:45 CEST 2016
ejemploCarpeta/d1/audit.h copiado con exito en 
mié abr  6 20:28:45 CEST 2016
ejemploCarpeta/d1/compat.h copiado con exito en 
mié abr  6 20:28:45 CEST 2016
ejemploCarpeta/d1/auto_fs.h copiado con exito en 
mié abr  6 20:28:45 CEST 2016
ejemploCarpeta/d1/ecoc.h copiado con exito en 
mié abr  6 20:28:45 CEST 2016
ejemploCarpeta/medianos/audit.h copiado con exito en 
mié abr  6 20:28:45 CEST 2016
ejemploCarpeta/medianos/auto_fs.h copiado con exito en 
mié abr  6 20:28:45 CEST 2016
ejemploCarpeta/medianos/ecoc.h copiado con exito en 
mié abr  6 20:28:45 CEST 2016
ejemploCarpeta/pequenos/compat.h copiado con exito en 
